#
# A fatal error has been detected by the Java Runtime Environment:
#
#  SIGSEGV (0xb) at pc=0x0000000101fbb090, pid=19163, tid=18947
#
# JRE version: Java(TM) SE Runtime Environment 18.9 (11.0.16.1+1) (build 11.0.16.1+1-LTS-1)
# Java VM: Java HotSpot(TM) 64-Bit Server VM 18.9 (11.0.16.1+1-LTS-1, mixed mode, tiered, compressed oops, g1 gc, bsd-aarch64)
# Problematic frame:
# V  [libjvm.dylib+0x2c3090]  _ZN14GenerateOopMap8do_fieldEiiii+0x68
#
# No core dump will be written. Core dumps have been disabled. To enable core dumping, try "ulimit -c unlimited" before starting Java again
#
# If you would like to submit a bug report, please visit:
#   https://bugreport.java.com/bugreport/crash.jsp
#

---------------  S U M M A R Y ------------

Command Line: -agentlib:jdwp=transport=dt_socket,suspend=y,address=localhost:63617 -javaagent:/Users/giusy/eclipse/jee-2022-12/Eclipse.app/Contents/Eclipse/configuration/org.eclipse.osgi/413/0/.cp/lib/javaagent-shaded.jar -Dfile.encoding=UTF-8 test.testHTML.App

Host: MacBookAir10,1 arm64 1 MHz, 8 cores, 8G, Darwin 21.1.0
Time: Mon Nov 21 22:02:09 2022 CET elapsed time: 133.256462 seconds (0d 0h 2m 13s)

---------------  T H R E A D  ---------------

Current thread (0x000000012b85a800):  VMThread "VM Thread" [stack: 0x000000016fd04000,0x000000016ff07000] [id=18947]

Stack: [0x000000016fd04000,0x000000016ff07000],  sp=0x000000016ff066a0,  free space=2057k
Native frames: (J=compiled Java code, j=interpreted, Vv=VM code, C=native code)
V  [libjvm.dylib+0x2c3090]  _ZN14GenerateOopMap8do_fieldEiiii+0x68
V  [libjvm.dylib+0x2c15d8]  _ZN14GenerateOopMap9interp_bbEP10BasicBlock+0xf0
V  [libjvm.dylib+0x2c125c]  _ZN14GenerateOopMap10interp_allEv+0x50
V  [libjvm.dylib+0x2c0ec8]  _ZN14GenerateOopMap17do_interpretationEv+0x58
V  [libjvm.dylib+0x2c3b94]  _ZN14GenerateOopMap11compute_mapEP6Thread+0x158
V  [libjvm.dylib+0x521f34]  _ZN19OopMapForCacheEntry11compute_mapEP6Thread+0x60
V  [libjvm.dylib+0x52284c]  _ZN16OopMapCacheEntry4fillERK12methodHandlei+0xa4
V  [libjvm.dylib+0x523134]  _ZN11OopMapCache19compute_one_oop_mapERK12methodHandleiP17InterpreterOopMap+0x58
V  [libjvm.dylib+0x4e37e4]  _ZN6Method8mask_forEiP17InterpreterOopMap+0xac
V  [libjvm.dylib+0x41db30]  _ZN16VM_GetOrSetLocal4doitEv+0x58
V  [libjvm.dylib+0x689814]  _ZN12VM_Operation8evaluateEv+0xe4
V  [libjvm.dylib+0x688a58]  _ZN8VMThread18evaluate_operationEP12VM_Operation+0x164
V  [libjvm.dylib+0x688668]  _ZN8VMThread4loopEv+0x2f4
V  [libjvm.dylib+0x68826c]  _ZN8VMThread3runEv+0x7c
V  [libjvm.dylib+0x6296e0]  _ZN6Thread8call_runEv+0x7c
V  [libjvm.dylib+0x52bf60]  _ZL19thread_native_entryP6Thread+0x13c
C  [libsystem_pthread.dylib+0x74ec]  _pthread_start+0x94


siginfo: si_signo: 11 (SIGSEGV), si_code: 2 (SEGV_ACCERR), si_addr: 0x0000000000000006

Register to memory mapping:

 x0=0x0 is NULL
 x1=0x0 is NULL
 x2=0x0 is NULL
 x3=0x00000000000000ca is an unknown value
 x4=0x0000000000000068 is an unknown value
 x5=0x0 is NULL
 x6=0x0 is NULL
 x7=0x000000003b9aba60 is an unknown value
 x8=0x0 is NULL
 x9=0x00000000000000ca is an unknown value
x10=0x0000000101fb9fe4: _ZN14GenerateOopMap7interp1EP14BytecodeStream+0x788 in /Library/Java/JavaVirtualMachines/jdk-11.0.16.1.jdk/Contents/Home/lib/server/libjvm.dylib at 0x0000000101cf8000
x11=0x00000000000001bf is an unknown value
x12=0x0000000000000001 is an unknown value
x13=0x0000000047000000 is an unknown value
x14=0x0000000047000000 is an unknown value
x15=0x0 is NULL
x16=0x0000000047000000 is an unknown value
x17=0x000000004fffffff is an unknown value
x18=0x0 is NULL
x19=0x000000016ff068c8 points into unknown readable memory: 0x00000001024c1a20 | 20 1a 4c 02 01 00 00 00
x20=0x0000000000000001 is an unknown value
x21=0x0000000000000001 is an unknown value
x22=0x0000000000000068 is an unknown value
x23=0x000000010eaf7910 is pointing into metadata
x24=0x0 is NULL
x25=0x00006000015da880 points into unknown readable memory: 0x0000000000000000 | 00 00 00 00 00 00 00 00
x26=0x000000010250af10: VMOperationRequest_lock+0 in /Library/Java/JavaVirtualMachines/jdk-11.0.16.1.jdk/Contents/Home/lib/server/libjvm.dylib at 0x0000000101cf8000
x27=0x000000010250c750: _ZN20SafepointSynchronize21_coalesced_vmop_countE+0 in /Library/Java/JavaVirtualMachines/jdk-11.0.16.1.jdk/Contents/Home/lib/server/libjvm.dylib at 0x0000000101cf8000
x28=0x0000000102525000: _ZN9vmSymbols8_symbolsE+0x10d0 in /Library/Java/JavaVirtualMachines/jdk-11.0.16.1.jdk/Contents/Home/lib/server/libjvm.dylib at 0x0000000101cf8000


Registers:
 x0=0x0000000000000000  x1=0x0000000000000000  x2=0x0000000000000000  x3=0x00000000000000ca
 x4=0x0000000000000068  x5=0x0000000000000000  x6=0x0000000000000000  x7=0x000000003b9aba60
 x8=0x0000000000000000  x9=0x00000000000000ca x10=0x0000000101fb9fe4 x11=0x00000000000001bf
x12=0x0000000000000001 x13=0x0000000047000000 x14=0x0000000047000000 x15=0x0000000000000000
x16=0x0000000047000000 x17=0x000000004fffffff x18=0x0000000000000000 x19=0x000000016ff068c8
x20=0x0000000000000001 x21=0x0000000000000001 x22=0x0000000000000068 x23=0x000000010eaf7910
x24=0x0000000000000000 x25=0x00006000015da880 x26=0x000000010250af10 x27=0x000000010250c750
x28=0x0000000102525000  fp=0x000000016ff06700  lr=0x0000000101fbb088  sp=0x000000016ff066a0
pc=0x0000000101fbb090 cpsr=0x0000000080001000
Top of Stack: (sp=0x000000016ff066a0)
0x000000016ff066a0:   000000010eaf800e 0000000101fb0001
0x000000016ff066b0:   0000000102525000 000000010250c750
0x000000016ff066c0:   000000010250af10 78a20b07bae40081
0x000000016ff066d0:   0000000000000000 00000001024faf00
0x000000016ff066e0:   000000016ff068c8 000000000000007d
0x000000016ff066f0:   000000012d81e0e8 000000016ff068c8
0x000000016ff06700:   000000016ff06770 0000000101fb95d8
0x000000016ff06710:   000000016ff06730 00000001022af390
0x000000016ff06720:   000000010eaf8018 000000012b85a800
0x000000016ff06730:   0000006b00000068 000000b20000007d
0x000000016ff06740:   000000b2024b0000 78a20b07bae40081
0x000000016ff06750:   000000016ff068c8 0000000000000005
0x000000016ff06760:   00000000000000c8 000000016ff068c8
0x000000016ff06770:   000000016ff067a0 0000000101fb925c
0x000000016ff06780:   000000016ff068c8 000000016ff06a40
0x000000016ff06790:   0000000000000001 000000016ff068c8
0x000000016ff067a0:   000000016ff067c0 0000000101fb8ec8
0x000000016ff067b0:   000000012b85a800 000000016ff068c8
0x000000016ff067c0:   000000016ff06850 0000000101fbbb94
0x000000016ff067d0:   0000000000000000 0000000000000000
0x000000016ff067e0:   0000000100f00228 0000000000000000
0x000000016ff067f0:   00000001024e7000 0000000000000000
0x000000016ff06800:   0000000000000000 0000000100f00100
0x000000016ff06810:   0000000000000000 000000010250c750
0x000000016ff06820:   0000000100f00600 0000000000000005
0x000000016ff06830:   00000001023dfd0f 0000000000000000
0x000000016ff06840:   000000012b85a800 000000016ff068c8
0x000000016ff06850:   000000016ff068b0 0000000102219f34
0x000000016ff06860:   000000016ff068c0 00006000035ce130
0x000000016ff06870:   000000012d81df50 000000012d81df60
0x000000016ff06880:   000000012d81e338 00000000000003d8
0x000000016ff06890:   000000016ff068c8 000000016ff06a40 

Instructions: (pc=0x0000000101fbb090)
0x0000000101fbaf90:   21 ac 34 91 e0 03 13 aa e4 f5 ff 97 88 1f 00 d0
0x0000000101fbafa0:   08 f1 14 91 08 01 40 b9 08 01 14 4a 08 7d 1c 53
0x0000000101fbafb0:   88 00 00 35 fd 7b 41 a9 f4 4f c2 a8 c0 03 5f d6
0x0000000101fbafc0:   21 21 00 b0 21 ac 34 91 e0 03 13 aa fd 7b 41 a9
0x0000000101fbafd0:   f4 4f c2 a8 d5 f5 ff 17 fd 7b bf a9 fd 03 00 91
0x0000000101fbafe0:   08 58 80 b9 09 24 40 b9 1f 01 09 6b 6a 01 00 54
0x0000000101fbaff0:   09 80 a2 52 29 64 00 33 0a 24 40 f9 0b 20 80 b9
0x0000000101fbb000:   4a 09 0b 8b 0b 05 00 11 0b 58 00 b9 49 79 28 b8
0x0000000101fbb010:   fd 7b c1 a8 c0 03 5f d6 21 21 00 90 21 ac 34 91
0x0000000101fbb020:   fd 7b c1 a8 c1 f5 ff 17 ff c3 01 d1 f8 5f 03 a9
0x0000000101fbb030:   f6 57 04 a9 f4 4f 05 a9 fd 7b 06 a9 fd 83 01 91
0x0000000101fbb040:   f6 03 04 aa f4 03 02 aa f5 03 01 aa f3 03 00 aa
0x0000000101fbb050:   e8 23 00 b0 08 0d 40 f9 08 01 40 f9 e8 17 00 f9
0x0000000101fbb060:   08 04 40 f9 08 05 40 f9 17 05 40 f9 e0 03 17 aa
0x0000000101fbb070:   e1 03 03 aa 02 00 80 52 68 87 fc 97 e1 03 00 aa
0x0000000101fbb080:   e0 03 17 aa 96 87 fc 97 e8 ce 20 8b 08 21 40 f9
0x0000000101fbb090:   09 19 40 39 48 2a 00 b0 3f 2d 01 71 cd 01 00 54
0x0000000101fbb0a0:   3f 6d 01 71 a0 00 00 54 3f 59 01 71 80 05 00 54
0x0000000101fbb0b0:   3f 31 01 71 c1 01 00 54 e2 63 00 91 09 c0 a8 52
0x0000000101fbb0c0:   0a 39 41 b9 c9 5e 00 33 e9 2b 03 29 75 01 00 35
0x0000000101fbb0d0:   26 00 00 14 c2 28 00 90 42 40 00 91 3f 11 01 71
0x0000000101fbb0e0:   a0 00 00 54 3f 29 01 71 60 00 00 54 c2 28 00 90
0x0000000101fbb0f0:   42 70 00 91 b5 03 00 34 09 00 80 52 d4 00 00 35
0x0000000101fbb100:   aa 28 00 f0 4a fd 4f b9 eb 23 00 91 6a d9 29 b8
0x0000000101fbb110:   29 05 00 11 08 39 41 b9 ea 23 00 91 48 d9 29 b8
0x0000000101fbb120:   e1 23 00 91 e0 03 13 aa 7a fe ff 97 e8 17 40 f9
0x0000000101fbb130:   e9 23 00 b0 29 0d 40 f9 29 01 40 f9 3f 01 08 eb
0x0000000101fbb140:   21 03 00 54 fd 7b 46 a9 f4 4f 45 a9 f6 57 44 a9
0x0000000101fbb150:   f8 5f 43 a9 ff c3 01 91 c0 03 5f d6 82 2b 00 90
0x0000000101fbb160:   42 40 0e 91 b5 fc ff 35 4a 00 40 b9 2a 01 00 34
0x0000000101fbb170:   09 00 80 d2 4b 10 00 91 ec 23 00 91 8a 79 29 b8
0x0000000101fbb180:   6a 79 69 b8 29 05 00 91 aa ff ff 35 02 00 00 14 


Stack slot to memory mapping:
stack at sp + 0 slots: 0x000000010eaf800e is pointing into metadata
stack at sp + 1 slots: 0x0000000101fb0001: _ZN8PhaseCFG14schedule_earlyER9VectorSetR10Node_Stack+0xe9 in /Library/Java/JavaVirtualMachines/jdk-11.0.16.1.jdk/Contents/Home/lib/server/libjvm.dylib at 0x0000000101cf8000
stack at sp + 2 slots: 0x0000000102525000: _ZN9vmSymbols8_symbolsE+0x10d0 in /Library/Java/JavaVirtualMachines/jdk-11.0.16.1.jdk/Contents/Home/lib/server/libjvm.dylib at 0x0000000101cf8000
stack at sp + 3 slots: 0x000000010250c750: _ZN20SafepointSynchronize21_coalesced_vmop_countE+0 in /Library/Java/JavaVirtualMachines/jdk-11.0.16.1.jdk/Contents/Home/lib/server/libjvm.dylib at 0x0000000101cf8000
stack at sp + 4 slots: 0x000000010250af10: VMOperationRequest_lock+0 in /Library/Java/JavaVirtualMachines/jdk-11.0.16.1.jdk/Contents/Home/lib/server/libjvm.dylib at 0x0000000101cf8000
stack at sp + 5 slots: 0x78a20b07bae40081 is an unknown value
stack at sp + 6 slots: 0x0 is NULL
stack at sp + 7 slots: 0x00000001024faf00: _ZN12VM_Operation6_namesE+0 in /Library/Java/JavaVirtualMachines/jdk-11.0.16.1.jdk/Contents/Home/lib/server/libjvm.dylib at 0x0000000101cf8000

VM_Operation (0x000000017128a990): GetOrSetLocal, mode: safepoint, requested by thread 0x000000012c066800


---------------  P R O C E S S  ---------------

Threads class SMR info:
_java_thread_list=0x0000600003bcc180, length=12, elements={
0x000000012d00a800, 0x000000012c05c800, 0x000000012c061800, 0x000000012b85d800,
0x000000012c066000, 0x000000012b85e800, 0x000000012c80a000, 0x000000012c06d000,
0x000000010f05a000, 0x000000012c066800, 0x000000012c0ca000, 0x000000010f05c000
}
_to_delete_list=0x0000600003bd04a0, length=11, elements={
0x000000012d00a800, 0x000000012c05c800, 0x000000012c061800, 0x000000012b85d800,
0x000000012c066000, 0x000000012b85e800, 0x000000012c80a000, 0x000000012c06d000,
0x000000010f05a000, 0x000000012c066800, 0x000000012c0ca000
}

Java Threads: ( => current thread )
  0x000000012d00a800 JavaThread "main" [_thread_blocked, id=10243, stack(0x000000016f0bc000,0x000000016f2bf000)]
  0x000000012c05c800 JavaThread "Reference Handler" daemon [_thread_blocked, id=18691, stack(0x000000016ff10000,0x0000000170113000)]
  0x000000012c061800 JavaThread "Finalizer" daemon [_thread_blocked, id=18179, stack(0x000000017011c000,0x000000017031f000)]
  0x000000012b85d800 JavaThread "Signal Dispatcher" daemon [_thread_blocked, id=16387, stack(0x0000000170440000,0x0000000170643000)]
  0x000000012c066000 JavaThread "Service Thread" daemon [_thread_blocked, id=21763, stack(0x000000017064c000,0x000000017084f000)]
  0x000000012b85e800 JavaThread "C2 CompilerThread0" daemon [_thread_blocked, id=22275, stack(0x0000000170858000,0x0000000170a5b000)]
  0x000000012c80a000 JavaThread "C1 CompilerThread0" daemon [_thread_blocked, id=22787, stack(0x0000000170a64000,0x0000000170c67000)]
  0x000000012c06d000 JavaThread "Sweeper thread" daemon [_thread_blocked, id=42499, stack(0x0000000170c70000,0x0000000170e73000)]
  0x000000010f05a000 JavaThread "Common-Cleaner" daemon [_thread_blocked, id=23811, stack(0x0000000170e7c000,0x000000017107f000)]
  0x000000012c066800 JavaThread "JDWP Transport Listener: dt_socket" daemon [_thread_blocked, id=41987, stack(0x0000000171088000,0x000000017128b000)] _threads_hazard_ptr=0x0000600003bcc180
  0x000000012c0ca000 JavaThread "JDWP Event Helper Thread" daemon [_thread_blocked, id=24323, stack(0x0000000171294000,0x0000000171497000)]
  0x000000010f05c000 JavaThread "JDWP Command Reader" daemon [_thread_in_native, id=40963, stack(0x00000001714a0000,0x00000001716a3000)]

Other Threads:
=>0x000000012b85a800 VMThread "VM Thread" [stack: 0x000000016fd04000,0x000000016ff07000] [id=18947]
  0x000000010f07b000 WatcherThread [stack: 0x00000001716ac000,0x00000001718af000] [id=40707]
  0x000000012d00e800 GCTaskThread "GC Thread#0" [stack: 0x000000016f2c8000,0x000000016f4cb000] [id=11267]
  0x000000012c035000 ConcurrentGCThread "G1 Main Marker" [stack: 0x000000016f4d4000,0x000000016f6d7000] [id=20483]
  0x000000012c036000 ConcurrentGCThread "G1 Conc#0" [stack: 0x000000016f6e0000,0x000000016f8e3000] [id=12035]
  0x000000012d057800 ConcurrentGCThread "G1 Refine#0" [stack: 0x000000016f8ec000,0x000000016faef000] [id=12291]
  0x000000012d058800 ConcurrentGCThread "G1 Young RemSet Sampling" [stack: 0x000000016faf8000,0x000000016fcfb000] [id=19459]

Threads with active compile tasks:

VM state:at safepoint (normal execution)

VM Mutex/Monitor currently owned by a thread:  ([mutex/lock_event])
[0x00006000015da780] Threads_lock - owner thread: 0x000000012b85a800

Heap address: 0x0000000740000000, size: 2048 MB, Compressed Oops mode: Zero based, Oop shift amount: 3
Narrow klass base: 0x0000000800000000, Narrow klass shift: 0
Compressed class space size: 1073741824 Address: 0x0000000800000000

Heap:
 garbage-first heap   total 131072K, used 18432K [0x0000000740000000, 0x00000007c0000000)
  region size 1024K, 19 young (19456K), 0 survivors (0K)
 Metaspace       used 10197K, capacity 10354K, committed 10496K, reserved 1058816K
  class space    used 929K, capacity 983K, committed 1024K, reserved 1048576K
Heap Regions: E=young(eden), S=young(survivor), O=old, HS=humongous(starts), HC=humongous(continues), CS=collection set, F=free, A=archive, TAMS=top-at-mark-start (previous, next)
|   0|0x0000000740000000, 0x0000000740000000, 0x0000000740100000|  0%| F|  |TAMS 0x0000000740000000, 0x0000000740000000| Untracked 
|   1|0x0000000740100000, 0x0000000740100000, 0x0000000740200000|  0%| F|  |TAMS 0x0000000740100000, 0x0000000740100000| Untracked 
|   2|0x0000000740200000, 0x0000000740200000, 0x0000000740300000|  0%| F|  |TAMS 0x0000000740200000, 0x0000000740200000| Untracked 
|   3|0x0000000740300000, 0x0000000740300000, 0x0000000740400000|  0%| F|  |TAMS 0x0000000740300000, 0x0000000740300000| Untracked 
|   4|0x0000000740400000, 0x0000000740400000, 0x0000000740500000|  0%| F|  |TAMS 0x0000000740400000, 0x0000000740400000| Untracked 
|   5|0x0000000740500000, 0x0000000740500000, 0x0000000740600000|  0%| F|  |TAMS 0x0000000740500000, 0x0000000740500000| Untracked 
|   6|0x0000000740600000, 0x0000000740600000, 0x0000000740700000|  0%| F|  |TAMS 0x0000000740600000, 0x0000000740600000| Untracked 
|   7|0x0000000740700000, 0x0000000740700000, 0x0000000740800000|  0%| F|  |TAMS 0x0000000740700000, 0x0000000740700000| Untracked 
|   8|0x0000000740800000, 0x0000000740800000, 0x0000000740900000|  0%| F|  |TAMS 0x0000000740800000, 0x0000000740800000| Untracked 
|   9|0x0000000740900000, 0x0000000740900000, 0x0000000740a00000|  0%| F|  |TAMS 0x0000000740900000, 0x0000000740900000| Untracked 
|  10|0x0000000740a00000, 0x0000000740a00000, 0x0000000740b00000|  0%| F|  |TAMS 0x0000000740a00000, 0x0000000740a00000| Untracked 
|  11|0x0000000740b00000, 0x0000000740b00000, 0x0000000740c00000|  0%| F|  |TAMS 0x0000000740b00000, 0x0000000740b00000| Untracked 
|  12|0x0000000740c00000, 0x0000000740c00000, 0x0000000740d00000|  0%| F|  |TAMS 0x0000000740c00000, 0x0000000740c00000| Untracked 
|  13|0x0000000740d00000, 0x0000000740d00000, 0x0000000740e00000|  0%| F|  |TAMS 0x0000000740d00000, 0x0000000740d00000| Untracked 
|  14|0x0000000740e00000, 0x0000000740e00000, 0x0000000740f00000|  0%| F|  |TAMS 0x0000000740e00000, 0x0000000740e00000| Untracked 
|  15|0x0000000740f00000, 0x0000000740f00000, 0x0000000741000000|  0%| F|  |TAMS 0x0000000740f00000, 0x0000000740f00000| Untracked 
|  16|0x0000000741000000, 0x0000000741000000, 0x0000000741100000|  0%| F|  |TAMS 0x0000000741000000, 0x0000000741000000| Untracked 
|  17|0x0000000741100000, 0x0000000741100000, 0x0000000741200000|  0%| F|  |TAMS 0x0000000741100000, 0x0000000741100000| Untracked 
|  18|0x0000000741200000, 0x0000000741200000, 0x0000000741300000|  0%| F|  |TAMS 0x0000000741200000, 0x0000000741200000| Untracked 
|  19|0x0000000741300000, 0x0000000741300000, 0x0000000741400000|  0%| F|  |TAMS 0x0000000741300000, 0x0000000741300000| Untracked 
|  20|0x0000000741400000, 0x0000000741400000, 0x0000000741500000|  0%| F|  |TAMS 0x0000000741400000, 0x0000000741400000| Untracked 
|  21|0x0000000741500000, 0x0000000741500000, 0x0000000741600000|  0%| F|  |TAMS 0x0000000741500000, 0x0000000741500000| Untracked 
|  22|0x0000000741600000, 0x0000000741600000, 0x0000000741700000|  0%| F|  |TAMS 0x0000000741600000, 0x0000000741600000| Untracked 
|  23|0x0000000741700000, 0x0000000741700000, 0x0000000741800000|  0%| F|  |TAMS 0x0000000741700000, 0x0000000741700000| Untracked 
|  24|0x0000000741800000, 0x0000000741800000, 0x0000000741900000|  0%| F|  |TAMS 0x0000000741800000, 0x0000000741800000| Untracked 
|  25|0x0000000741900000, 0x0000000741900000, 0x0000000741a00000|  0%| F|  |TAMS 0x0000000741900000, 0x0000000741900000| Untracked 
|  26|0x0000000741a00000, 0x0000000741a00000, 0x0000000741b00000|  0%| F|  |TAMS 0x0000000741a00000, 0x0000000741a00000| Untracked 
|  27|0x0000000741b00000, 0x0000000741b00000, 0x0000000741c00000|  0%| F|  |TAMS 0x0000000741b00000, 0x0000000741b00000| Untracked 
|  28|0x0000000741c00000, 0x0000000741c00000, 0x0000000741d00000|  0%| F|  |TAMS 0x0000000741c00000, 0x0000000741c00000| Untracked 
|  29|0x0000000741d00000, 0x0000000741d00000, 0x0000000741e00000|  0%| F|  |TAMS 0x0000000741d00000, 0x0000000741d00000| Untracked 
|  30|0x0000000741e00000, 0x0000000741e00000, 0x0000000741f00000|  0%| F|  |TAMS 0x0000000741e00000, 0x0000000741e00000| Untracked 
|  31|0x0000000741f00000, 0x0000000741f00000, 0x0000000742000000|  0%| F|  |TAMS 0x0000000741f00000, 0x0000000741f00000| Untracked 
|  32|0x0000000742000000, 0x0000000742000000, 0x0000000742100000|  0%| F|  |TAMS 0x0000000742000000, 0x0000000742000000| Untracked 
|  33|0x0000000742100000, 0x0000000742100000, 0x0000000742200000|  0%| F|  |TAMS 0x0000000742100000, 0x0000000742100000| Untracked 
|  34|0x0000000742200000, 0x0000000742200000, 0x0000000742300000|  0%| F|  |TAMS 0x0000000742200000, 0x0000000742200000| Untracked 
|  35|0x0000000742300000, 0x0000000742300000, 0x0000000742400000|  0%| F|  |TAMS 0x0000000742300000, 0x0000000742300000| Untracked 
|  36|0x0000000742400000, 0x0000000742400000, 0x0000000742500000|  0%| F|  |TAMS 0x0000000742400000, 0x0000000742400000| Untracked 
|  37|0x0000000742500000, 0x0000000742500000, 0x0000000742600000|  0%| F|  |TAMS 0x0000000742500000, 0x0000000742500000| Untracked 
|  38|0x0000000742600000, 0x0000000742600000, 0x0000000742700000|  0%| F|  |TAMS 0x0000000742600000, 0x0000000742600000| Untracked 
|  39|0x0000000742700000, 0x0000000742700000, 0x0000000742800000|  0%| F|  |TAMS 0x0000000742700000, 0x0000000742700000| Untracked 
|  40|0x0000000742800000, 0x0000000742800000, 0x0000000742900000|  0%| F|  |TAMS 0x0000000742800000, 0x0000000742800000| Untracked 
|  41|0x0000000742900000, 0x0000000742900000, 0x0000000742a00000|  0%| F|  |TAMS 0x0000000742900000, 0x0000000742900000| Untracked 
|  42|0x0000000742a00000, 0x0000000742a00000, 0x0000000742b00000|  0%| F|  |TAMS 0x0000000742a00000, 0x0000000742a00000| Untracked 
|  43|0x0000000742b00000, 0x0000000742b00000, 0x0000000742c00000|  0%| F|  |TAMS 0x0000000742b00000, 0x0000000742b00000| Untracked 
|  44|0x0000000742c00000, 0x0000000742c00000, 0x0000000742d00000|  0%| F|  |TAMS 0x0000000742c00000, 0x0000000742c00000| Untracked 
|  45|0x0000000742d00000, 0x0000000742d00000, 0x0000000742e00000|  0%| F|  |TAMS 0x0000000742d00000, 0x0000000742d00000| Untracked 
|  46|0x0000000742e00000, 0x0000000742e00000, 0x0000000742f00000|  0%| F|  |TAMS 0x0000000742e00000, 0x0000000742e00000| Untracked 
|  47|0x0000000742f00000, 0x0000000742f00000, 0x0000000743000000|  0%| F|  |TAMS 0x0000000742f00000, 0x0000000742f00000| Untracked 
|  48|0x0000000743000000, 0x0000000743000000, 0x0000000743100000|  0%| F|  |TAMS 0x0000000743000000, 0x0000000743000000| Untracked 
|  49|0x0000000743100000, 0x0000000743100000, 0x0000000743200000|  0%| F|  |TAMS 0x0000000743100000, 0x0000000743100000| Untracked 
|  50|0x0000000743200000, 0x0000000743200000, 0x0000000743300000|  0%| F|  |TAMS 0x0000000743200000, 0x0000000743200000| Untracked 
|  51|0x0000000743300000, 0x0000000743300000, 0x0000000743400000|  0%| F|  |TAMS 0x0000000743300000, 0x0000000743300000| Untracked 
|  52|0x0000000743400000, 0x0000000743400000, 0x0000000743500000|  0%| F|  |TAMS 0x0000000743400000, 0x0000000743400000| Untracked 
|  53|0x0000000743500000, 0x0000000743500000, 0x0000000743600000|  0%| F|  |TAMS 0x0000000743500000, 0x0000000743500000| Untracked 
|  54|0x0000000743600000, 0x0000000743600000, 0x0000000743700000|  0%| F|  |TAMS 0x0000000743600000, 0x0000000743600000| Untracked 
|  55|0x0000000743700000, 0x0000000743700000, 0x0000000743800000|  0%| F|  |TAMS 0x0000000743700000, 0x0000000743700000| Untracked 
|  56|0x0000000743800000, 0x0000000743800000, 0x0000000743900000|  0%| F|  |TAMS 0x0000000743800000, 0x0000000743800000| Untracked 
|  57|0x0000000743900000, 0x0000000743900000, 0x0000000743a00000|  0%| F|  |TAMS 0x0000000743900000, 0x0000000743900000| Untracked 
|  58|0x0000000743a00000, 0x0000000743a00000, 0x0000000743b00000|  0%| F|  |TAMS 0x0000000743a00000, 0x0000000743a00000| Untracked 
|  59|0x0000000743b00000, 0x0000000743b00000, 0x0000000743c00000|  0%| F|  |TAMS 0x0000000743b00000, 0x0000000743b00000| Untracked 
|  60|0x0000000743c00000, 0x0000000743c00000, 0x0000000743d00000|  0%| F|  |TAMS 0x0000000743c00000, 0x0000000743c00000| Untracked 
|  61|0x0000000743d00000, 0x0000000743d00000, 0x0000000743e00000|  0%| F|  |TAMS 0x0000000743d00000, 0x0000000743d00000| Untracked 
|  62|0x0000000743e00000, 0x0000000743e00000, 0x0000000743f00000|  0%| F|  |TAMS 0x0000000743e00000, 0x0000000743e00000| Untracked 
|  63|0x0000000743f00000, 0x0000000743f00000, 0x0000000744000000|  0%| F|  |TAMS 0x0000000743f00000, 0x0000000743f00000| Untracked 
|  64|0x0000000744000000, 0x0000000744000000, 0x0000000744100000|  0%| F|  |TAMS 0x0000000744000000, 0x0000000744000000| Untracked 
|  65|0x0000000744100000, 0x0000000744100000, 0x0000000744200000|  0%| F|  |TAMS 0x0000000744100000, 0x0000000744100000| Untracked 
|  66|0x0000000744200000, 0x0000000744200000, 0x0000000744300000|  0%| F|  |TAMS 0x0000000744200000, 0x0000000744200000| Untracked 
|  67|0x0000000744300000, 0x0000000744300000, 0x0000000744400000|  0%| F|  |TAMS 0x0000000744300000, 0x0000000744300000| Untracked 
|  68|0x0000000744400000, 0x0000000744400000, 0x0000000744500000|  0%| F|  |TAMS 0x0000000744400000, 0x0000000744400000| Untracked 
|  69|0x0000000744500000, 0x0000000744500000, 0x0000000744600000|  0%| F|  |TAMS 0x0000000744500000, 0x0000000744500000| Untracked 
|  70|0x0000000744600000, 0x0000000744600000, 0x0000000744700000|  0%| F|  |TAMS 0x0000000744600000, 0x0000000744600000| Untracked 
|  71|0x0000000744700000, 0x0000000744700000, 0x0000000744800000|  0%| F|  |TAMS 0x0000000744700000, 0x0000000744700000| Untracked 
|  72|0x0000000744800000, 0x0000000744800000, 0x0000000744900000|  0%| F|  |TAMS 0x0000000744800000, 0x0000000744800000| Untracked 
|  73|0x0000000744900000, 0x0000000744900000, 0x0000000744a00000|  0%| F|  |TAMS 0x0000000744900000, 0x0000000744900000| Untracked 
|  74|0x0000000744a00000, 0x0000000744a00000, 0x0000000744b00000|  0%| F|  |TAMS 0x0000000744a00000, 0x0000000744a00000| Untracked 
|  75|0x0000000744b00000, 0x0000000744b00000, 0x0000000744c00000|  0%| F|  |TAMS 0x0000000744b00000, 0x0000000744b00000| Untracked 
|  76|0x0000000744c00000, 0x0000000744c00000, 0x0000000744d00000|  0%| F|  |TAMS 0x0000000744c00000, 0x0000000744c00000| Untracked 
|  77|0x0000000744d00000, 0x0000000744d00000, 0x0000000744e00000|  0%| F|  |TAMS 0x0000000744d00000, 0x0000000744d00000| Untracked 
|  78|0x0000000744e00000, 0x0000000744e00000, 0x0000000744f00000|  0%| F|  |TAMS 0x0000000744e00000, 0x0000000744e00000| Untracked 
|  79|0x0000000744f00000, 0x0000000744f00000, 0x0000000745000000|  0%| F|  |TAMS 0x0000000744f00000, 0x0000000744f00000| Untracked 
|  80|0x0000000745000000, 0x0000000745000000, 0x0000000745100000|  0%| F|  |TAMS 0x0000000745000000, 0x0000000745000000| Untracked 
|  81|0x0000000745100000, 0x0000000745100000, 0x0000000745200000|  0%| F|  |TAMS 0x0000000745100000, 0x0000000745100000| Untracked 
|  82|0x0000000745200000, 0x0000000745200000, 0x0000000745300000|  0%| F|  |TAMS 0x0000000745200000, 0x0000000745200000| Untracked 
|  83|0x0000000745300000, 0x0000000745300000, 0x0000000745400000|  0%| F|  |TAMS 0x0000000745300000, 0x0000000745300000| Untracked 
|  84|0x0000000745400000, 0x0000000745400000, 0x0000000745500000|  0%| F|  |TAMS 0x0000000745400000, 0x0000000745400000| Untracked 
|  85|0x0000000745500000, 0x0000000745500000, 0x0000000745600000|  0%| F|  |TAMS 0x0000000745500000, 0x0000000745500000| Untracked 
|  86|0x0000000745600000, 0x0000000745600000, 0x0000000745700000|  0%| F|  |TAMS 0x0000000745600000, 0x0000000745600000| Untracked 
|  87|0x0000000745700000, 0x0000000745700000, 0x0000000745800000|  0%| F|  |TAMS 0x0000000745700000, 0x0000000745700000| Untracked 
|  88|0x0000000745800000, 0x0000000745800000, 0x0000000745900000|  0%| F|  |TAMS 0x0000000745800000, 0x0000000745800000| Untracked 
|  89|0x0000000745900000, 0x0000000745900000, 0x0000000745a00000|  0%| F|  |TAMS 0x0000000745900000, 0x0000000745900000| Untracked 
|  90|0x0000000745a00000, 0x0000000745a00000, 0x0000000745b00000|  0%| F|  |TAMS 0x0000000745a00000, 0x0000000745a00000| Untracked 
|  91|0x0000000745b00000, 0x0000000745b00000, 0x0000000745c00000|  0%| F|  |TAMS 0x0000000745b00000, 0x0000000745b00000| Untracked 
|  92|0x0000000745c00000, 0x0000000745c00000, 0x0000000745d00000|  0%| F|  |TAMS 0x0000000745c00000, 0x0000000745c00000| Untracked 
|  93|0x0000000745d00000, 0x0000000745d00000, 0x0000000745e00000|  0%| F|  |TAMS 0x0000000745d00000, 0x0000000745d00000| Untracked 
|  94|0x0000000745e00000, 0x0000000745e00000, 0x0000000745f00000|  0%| F|  |TAMS 0x0000000745e00000, 0x0000000745e00000| Untracked 
|  95|0x0000000745f00000, 0x0000000745f00000, 0x0000000746000000|  0%| F|  |TAMS 0x0000000745f00000, 0x0000000745f00000| Untracked 
|  96|0x0000000746000000, 0x0000000746000000, 0x0000000746100000|  0%| F|  |TAMS 0x0000000746000000, 0x0000000746000000| Untracked 
|  97|0x0000000746100000, 0x0000000746100000, 0x0000000746200000|  0%| F|  |TAMS 0x0000000746100000, 0x0000000746100000| Untracked 
|  98|0x0000000746200000, 0x0000000746200000, 0x0000000746300000|  0%| F|  |TAMS 0x0000000746200000, 0x0000000746200000| Untracked 
|  99|0x0000000746300000, 0x0000000746300000, 0x0000000746400000|  0%| F|  |TAMS 0x0000000746300000, 0x0000000746300000| Untracked 
| 100|0x0000000746400000, 0x0000000746400000, 0x0000000746500000|  0%| F|  |TAMS 0x0000000746400000, 0x0000000746400000| Untracked 
| 101|0x0000000746500000, 0x0000000746500000, 0x0000000746600000|  0%| F|  |TAMS 0x0000000746500000, 0x0000000746500000| Untracked 
| 102|0x0000000746600000, 0x0000000746600000, 0x0000000746700000|  0%| F|  |TAMS 0x0000000746600000, 0x0000000746600000| Untracked 
| 103|0x0000000746700000, 0x0000000746700000, 0x0000000746800000|  0%| F|  |TAMS 0x0000000746700000, 0x0000000746700000| Untracked 
| 104|0x0000000746800000, 0x0000000746800000, 0x0000000746900000|  0%| F|  |TAMS 0x0000000746800000, 0x0000000746800000| Untracked 
| 105|0x0000000746900000, 0x0000000746900000, 0x0000000746a00000|  0%| F|  |TAMS 0x0000000746900000, 0x0000000746900000| Untracked 
| 106|0x0000000746a00000, 0x0000000746a00000, 0x0000000746b00000|  0%| F|  |TAMS 0x0000000746a00000, 0x0000000746a00000| Untracked 
| 107|0x0000000746b00000, 0x0000000746b00000, 0x0000000746c00000|  0%| F|  |TAMS 0x0000000746b00000, 0x0000000746b00000| Untracked 
| 108|0x0000000746c00000, 0x0000000746c00000, 0x0000000746d00000|  0%| F|  |TAMS 0x0000000746c00000, 0x0000000746c00000| Untracked 
| 109|0x0000000746d00000, 0x0000000746df7f88, 0x0000000746e00000| 96%| E|  |TAMS 0x0000000746d00000, 0x0000000746d00000| Complete 
| 110|0x0000000746e00000, 0x0000000746f00000, 0x0000000746f00000|100%| E|CS|TAMS 0x0000000746e00000, 0x0000000746e00000| Complete 
| 111|0x0000000746f00000, 0x0000000747000000, 0x0000000747000000|100%| E|CS|TAMS 0x0000000746f00000, 0x0000000746f00000| Complete 
| 112|0x0000000747000000, 0x0000000747100000, 0x0000000747100000|100%| E|CS|TAMS 0x0000000747000000, 0x0000000747000000| Complete 
| 113|0x0000000747100000, 0x0000000747200000, 0x0000000747200000|100%| E|CS|TAMS 0x0000000747100000, 0x0000000747100000| Complete 
| 114|0x0000000747200000, 0x0000000747300000, 0x0000000747300000|100%| E|CS|TAMS 0x0000000747200000, 0x0000000747200000| Complete 
| 115|0x0000000747300000, 0x0000000747400000, 0x0000000747400000|100%| E|CS|TAMS 0x0000000747300000, 0x0000000747300000| Complete 
| 116|0x0000000747400000, 0x0000000747500000, 0x0000000747500000|100%| E|CS|TAMS 0x0000000747400000, 0x0000000747400000| Complete 
| 117|0x0000000747500000, 0x0000000747600000, 0x0000000747600000|100%| E|CS|TAMS 0x0000000747500000, 0x0000000747500000| Complete 
| 118|0x0000000747600000, 0x0000000747700000, 0x0000000747700000|100%| E|CS|TAMS 0x0000000747600000, 0x0000000747600000| Complete 
| 119|0x0000000747700000, 0x0000000747800000, 0x0000000747800000|100%| E|CS|TAMS 0x0000000747700000, 0x0000000747700000| Complete 
| 120|0x0000000747800000, 0x0000000747900000, 0x0000000747900000|100%| E|CS|TAMS 0x0000000747800000, 0x0000000747800000| Complete 
| 121|0x0000000747900000, 0x0000000747a00000, 0x0000000747a00000|100%| E|CS|TAMS 0x0000000747900000, 0x0000000747900000| Complete 
| 122|0x0000000747a00000, 0x0000000747b00000, 0x0000000747b00000|100%| E|CS|TAMS 0x0000000747a00000, 0x0000000747a00000| Complete 
| 123|0x0000000747b00000, 0x0000000747c00000, 0x0000000747c00000|100%| E|CS|TAMS 0x0000000747b00000, 0x0000000747b00000| Complete 
| 124|0x0000000747c00000, 0x0000000747d00000, 0x0000000747d00000|100%| E|CS|TAMS 0x0000000747c00000, 0x0000000747c00000| Complete 
| 125|0x0000000747d00000, 0x0000000747e00000, 0x0000000747e00000|100%| E|CS|TAMS 0x0000000747d00000, 0x0000000747d00000| Complete 
| 126|0x0000000747e00000, 0x0000000747f00000, 0x0000000747f00000|100%| E|CS|TAMS 0x0000000747e00000, 0x0000000747e00000| Complete 
| 127|0x0000000747f00000, 0x0000000748000000, 0x0000000748000000|100%| E|CS|TAMS 0x0000000747f00000, 0x0000000747f00000| Complete 

Card table byte_map: [0x0000000101798000,0x0000000101b98000] _byte_map_base: 0x00000000fdd98000

Marking Bits (Prev, Next): (CMBitMap*) 0x000000012c02ca18, (CMBitMap*) 0x000000012c02ca50
 Prev Bits: [0x000000010a31c000, 0x000000010c31c000)
 Next Bits: [0x000000010c31c000, 0x000000010e31c000)

Polling page: 0x0000000100f5c000

Metaspace:

Usage:
  Non-class:      9.15 MB capacity,     9.05 MB ( 99%) used,    93.38 KB ( <1%) free+waste,     9.31 KB ( <1%) overhead. 
      Class:    983.00 KB capacity,   929.59 KB ( 95%) used,    49.35 KB (  5%) free+waste,     4.06 KB ( <1%) overhead. 
       Both:     10.11 MB capacity,     9.96 MB ( 98%) used,   142.73 KB (  1%) free+waste,    13.38 KB ( <1%) overhead. 

Virtual space:
  Non-class space:       10.00 MB reserved,       9.25 MB ( 92%) committed 
      Class space:        1.00 GB reserved,       1.00 MB ( <1%) committed 
             Both:        1.01 GB reserved,      10.25 MB ( <1%) committed 

Chunk freelists:
   Non-Class:  4.62 KB
       Class:  1.12 KB
        Both:  5.75 KB

CodeHeap 'non-profiled nmethods': size=120032Kb used=297Kb max_used=297Kb free=119734Kb
 bounds [0x000000013fac8000, 0x000000013fd38000, 0x0000000147000000]
CodeHeap 'profiled nmethods': size=120016Kb used=1573Kb max_used=1573Kb free=118442Kb
 bounds [0x0000000138594000, 0x0000000138804000, 0x000000013fac8000]
CodeHeap 'non-nmethods': size=5712Kb used=1036Kb max_used=1068Kb free=4676Kb
 bounds [0x0000000138000000, 0x0000000138270000, 0x0000000138594000]
 total_blobs=1159 nmethods=812 adapters=271
 compilation: enabled
              stopped_count=0, restarted_count=0
 full_count=0

Compilation events (10 events):
Event: 0.321 Thread 0x000000012b85e800  682       4       java.util.concurrent.ConcurrentHashMap::spread (10 bytes)
Event: 0.321 Thread 0x000000012b85e800 nmethod 682 0x000000013fb11b90 code [0x000000013fb11d00, 0x000000013fb11d60]
Event: 0.321 Thread 0x000000012b85e800  610       4       java.lang.System::getSecurityManager (4 bytes)
Event: 0.321 Thread 0x000000012b85e800 nmethod 610 0x000000013fb11e10 code [0x000000013fb11f80, 0x000000013fb11fe0]
Event: 0.951 Thread 0x000000012c80a000  815  s    1       java.util.Vector::size (5 bytes)
Event: 0.951 Thread 0x000000012c80a000 nmethod 815 0x000000013fb12090 code [0x000000013fb12200, 0x000000013fb12510]
Event: 37.422 Thread 0x000000012c80a000  816 %     3       org.eclipse.jdt.launching.internal.org.objectweb.asm.ClassReader::readUtf @ 18 (161 bytes)
Event: 37.431 Thread 0x000000012c80a000 nmethod 816% 0x000000013871bc10 code [0x000000013871be40, 0x000000013871c570]
Event: 117.403 Thread 0x000000012c80a000  817       3       org.eclipse.jdt.launching.internal.org.objectweb.asm.ClassReader::readUtf (161 bytes)
Event: 117.403 Thread 0x000000012c80a000 nmethod 817 0x000000013871c910 code [0x000000013871cb40, 0x000000013871d1f0]

GC Heap History (0 events):
No events

Deoptimization events (10 events):
Event: 0.291 Thread 0x000000012d00a800 Uncommon trap: reason=loop_limit_check action=maybe_recompile pc=0x000000013fafde98 method=org.jsoup.parser.CharacterReader.rangeEquals([CIILjava/lang/String;)Z @ 18 c2
Event: 0.294 Thread 0x000000012d00a800 Uncommon trap: reason=class_check action=maybe_recompile pc=0x000000013fafc198 method=org.jsoup.parser.CharacterReader.bufferUp()V @ 58 c2
Event: 0.298 Thread 0x000000012d00a800 Uncommon trap: reason=class_check action=maybe_recompile pc=0x000000013fafc198 method=org.jsoup.parser.CharacterReader.bufferUp()V @ 58 c2
Event: 0.305 Thread 0x000000012d00a800 Uncommon trap: reason=class_check action=maybe_recompile pc=0x000000013fafc198 method=org.jsoup.parser.CharacterReader.bufferUp()V @ 58 c2
Event: 0.305 Thread 0x000000012d00a800 Uncommon trap: reason=unstable_if action=reinterpret pc=0x000000013fafc0ac method=org.jsoup.parser.CharacterReader.bufferUp()V @ 4 c2
Event: 0.305 Thread 0x000000012d00a800 Uncommon trap: reason=profile_predicate action=maybe_recompile pc=0x000000013fb0b0e0 method=java.lang.StringLatin1.indexOf([BI[BII)I @ 18 c2
Event: 0.305 Thread 0x000000012d00a800 Uncommon trap: reason=profile_predicate action=maybe_recompile pc=0x000000013fb0b0e0 method=java.lang.StringLatin1.indexOf([BI[BII)I @ 18 c2
Event: 0.305 Thread 0x000000012d00a800 Uncommon trap: reason=profile_predicate action=maybe_recompile pc=0x000000013fb0b0e0 method=java.lang.StringLatin1.indexOf([BI[BII)I @ 18 c2
Event: 0.306 Thread 0x000000012d00a800 Uncommon trap: reason=profile_predicate action=maybe_recompile pc=0x000000013fb0b0e0 method=java.lang.StringLatin1.indexOf([BI[BII)I @ 18 c2
Event: 37.422 Thread 0x000000012c066800 Uncommon trap: reason=unstable_if action=reinterpret pc=0x000000013faf4cf0 method=org.eclipse.jdt.launching.internal.org.objectweb.asm.ClassReader.readUtf(II[C)Ljava/lang/String; @ 41 c2

Classes redefined (2 events):
Event: 37.430 Thread 0x000000012b85a800 redefined class name=test.testHTML.App, count=1
Event: 117.416 Thread 0x000000012b85a800 redefined class name=test.testHTML.App, count=2

Internal exceptions (10 events):
Event: 0.039 Thread 0x000000012d00a800 Exception <a 'java/lang/NoSuchMethodError'{0x0000000747f73db8}: java.lang.invoke.Invokers$Holder.invokeExact_MT(Ljava/lang/Object;Ljava/lang/Object;Ljava/lang/Object;Ljava/lang/Object;Ljava/lang/Object;Ljava/lang/Object;Ljava/lang/Object;Ljava/lang/Object
Event: 0.044 Thread 0x000000012d00a800 Exception <a 'java/lang/NoSuchMethodError'{0x0000000747e0c0c8}: java.lang.invoke.Invokers$Holder.linkToTargetMethod(Ljava/lang/Object;)Ljava/lang/Object;> (0x0000000747e0c0c8) thrown at [open/src/hotspot/share/interpreter/linkResolver.cpp, line 772]
Event: 0.045 Thread 0x000000012d00a800 Exception <a 'java/lang/NoSuchMethodError'{0x0000000747e15770}: java.lang.invoke.Invokers$Holder.linkToTargetMethod(Ljava/lang/Object;Ljava/lang/Object;)Ljava/lang/Object;> (0x0000000747e15770) thrown at [open/src/hotspot/share/interpreter/linkResolver.cp
Event: 0.184 Thread 0x000000012d00a800 Exception <a 'java/lang/NoSuchMethodError'{0x0000000747b6cd10}: java.lang.invoke.DirectMethodHandle$Holder.invokeStatic(Ljava/lang/Object;I)Ljava/lang/Object;> (0x0000000747b6cd10) thrown at [open/src/hotspot/share/interpreter/linkResolver.cpp, line 772]
Event: 0.184 Thread 0x000000012d00a800 Exception <a 'java/lang/NoSuchMethodError'{0x0000000747b70608}: java.lang.invoke.Invokers$Holder.linkToTargetMethod(ILjava/lang/Object;)Ljava/lang/Object;> (0x0000000747b70608) thrown at [open/src/hotspot/share/interpreter/linkResolver.cpp, line 772]
Event: 0.237 Thread 0x000000012d00a800 Exception <a 'java/lang/NoSuchMethodError'{0x0000000747846b18}: java.lang.invoke.DirectMethodHandle$Holder.invokeStatic(Ljava/lang/Object;Ljava/lang/Object;I)I> (0x0000000747846b18) thrown at [open/src/hotspot/share/interpreter/linkResolver.cpp, line 772]
Event: 0.238 Thread 0x000000012d00a800 Exception <a 'java/lang/NoSuchMethodError'{0x00000007478506b8}: java.lang.invoke.DirectMethodHandle$Holder.invokeSpecialIFC(Ljava/lang/Object;Ljava/lang/Object;Ljava/lang/Object;I)I> (0x00000007478506b8) thrown at [open/src/hotspot/share/interpreter/linkR
Event: 0.239 Thread 0x000000012d00a800 Exception <a 'java/lang/NoSuchMethodError'{0x0000000747856eb0}: java.lang.invoke.Invokers$Holder.linkToTargetMethod(Ljava/lang/Object;Ljava/lang/Object;Ljava/lang/Object;)Ljava/lang/Object;> (0x0000000747856eb0) thrown at [open/src/hotspot/share/interpret
Event: 0.239 Thread 0x000000012d00a800 Exception <a 'java/lang/NoSuchMethodError'{0x0000000747859be8}: java.lang.invoke.DirectMethodHandle$Holder.invokeSpecialIFC(Ljava/lang/Object;Ljava/lang/Object;I)I> (0x0000000747859be8) thrown at [open/src/hotspot/share/interpreter/linkResolver.cpp, line 
Event: 0.290 Thread 0x000000012d00a800 Exception <a 'java/lang/NoSuchMethodError'{0x0000000746fd67a8}: java.lang.invoke.DirectMethodHandle$Holder.invokeStatic(Ljava/lang/Object;III)I> (0x0000000746fd67a8) thrown at [open/src/hotspot/share/interpreter/linkResolver.cpp, line 772]

Events (10 events):
Event: 124.526 Executing VM operation: ChangeBreakpoints done
Event: 126.466 Executing VM operation: GetCurrentContendedMonitor
Event: 126.466 Executing VM operation: GetCurrentContendedMonitor done
Event: 126.466 Executing VM operation: GetOwnedMonitorInfo
Event: 126.466 Executing VM operation: GetOwnedMonitorInfo done
Event: 127.039 Executing VM operation: GetCurrentContendedMonitor
Event: 127.039 Executing VM operation: GetCurrentContendedMonitor done
Event: 127.039 Executing VM operation: GetOwnedMonitorInfo
Event: 127.039 Executing VM operation: GetOwnedMonitorInfo done
Event: 133.254 Executing VM operation: GetOrSetLocal


Dynamic libraries:
0x0000000100f08000 	/Library/Java/JavaVirtualMachines/jdk-11.0.16.1.jdk/Contents/Home/lib/jli/libjli.dylib
0x00000001c7008000 	/System/Library/Frameworks/Cocoa.framework/Versions/A/Cocoa
0x00000001b35a6000 	/System/Library/Frameworks/AppKit.framework/Versions/C/AppKit
0x00000001b6ac8000 	/System/Library/Frameworks/CoreData.framework/Versions/A/CoreData
0x00000001b1907000 	/System/Library/Frameworks/Foundation.framework/Versions/C/Foundation
0x00000001bb45e000 	/usr/lib/libSystem.B.dylib
0x00000001b4458000 	/System/Library/PrivateFrameworks/UIFoundation.framework/Versions/A/UIFoundation
0x00000001c1325000 	/System/Library/PrivateFrameworks/RemoteViewServices.framework/Versions/A/RemoteViewServices
0x00000001b9920000 	/System/Library/PrivateFrameworks/XCTTargetBootstrap.framework/Versions/A/XCTTargetBootstrap
0x00000001bd160000 	/System/Library/PrivateFrameworks/InternationalSupport.framework/Versions/A/InternationalSupport
0x00000001bd1e9000 	/System/Library/PrivateFrameworks/UserActivity.framework/Versions/A/UserActivity
0x00000001bc68b000 	/usr/lib/libspindump.dylib
0x00000001b46c8000 	/System/Library/Frameworks/UniformTypeIdentifiers.framework/Versions/A/UniformTypeIdentifiers
0x00000001b7eae000 	/usr/lib/libapp_launch_measurement.dylib
0x00000001b742b000 	/System/Library/PrivateFrameworks/CoreAnalytics.framework/Versions/A/CoreAnalytics
0x00000001b7eb1000 	/System/Library/PrivateFrameworks/CoreAutoLayout.framework/Versions/A/CoreAutoLayout
0x00000001b9224000 	/System/Library/Frameworks/Metal.framework/Versions/A/Metal
0x00000001b9f71000 	/usr/lib/liblangid.dylib
0x00000001b9924000 	/System/Library/PrivateFrameworks/CoreSVG.framework/Versions/A/CoreSVG
0x00000001b5b85000 	/System/Library/PrivateFrameworks/SkyLight.framework/Versions/A/SkyLight
0x00000001b5f4d000 	/System/Library/Frameworks/CoreGraphics.framework/Versions/A/CoreGraphics
0x00000001c199e000 	/System/Library/Frameworks/Accelerate.framework/Versions/A/Accelerate
0x00000001bc100000 	/System/Library/PrivateFrameworks/IconServices.framework/Versions/A/IconServices
0x00000001b9206000 	/System/Library/Frameworks/IOSurface.framework/Versions/A/IOSurface
0x00000001b745b000 	/usr/lib/libDiagnosticMessagesClient.dylib
0x00000001bb3ae000 	/usr/lib/libz.1.dylib
0x00000001c4dd6000 	/System/Library/Frameworks/ApplicationServices.framework/Versions/A/ApplicationServices
0x00000001b9908000 	/System/Library/PrivateFrameworks/DFRFoundation.framework/Versions/A/DFRFoundation
0x00000001b2e49000 	/usr/lib/libicucore.A.dylib
0x00000001bdf5d000 	/System/Library/Frameworks/AudioToolbox.framework/Versions/A/AudioToolbox
0x00000001bd16c000 	/System/Library/PrivateFrameworks/DataDetectorsCore.framework/Versions/A/DataDetectorsCore
0x00000001d3188000 	/System/Library/PrivateFrameworks/TextInput.framework/Versions/A/TextInput
0x00000001b5afc000 	/usr/lib/libMobileGestalt.dylib
0x00000001b95d8000 	/System/Library/Frameworks/Carbon.framework/Versions/A/Frameworks/HIToolbox.framework/Versions/A/HIToolbox
0x00000001b78b8000 	/System/Library/Frameworks/QuartzCore.framework/Versions/A/QuartzCore
0x00000001b2ac6000 	/System/Library/Frameworks/Security.framework/Versions/A/Security
0x00000001c1365000 	/System/Library/Frameworks/Carbon.framework/Versions/A/Frameworks/SpeechRecognition.framework/Versions/A/SpeechRecognition
0x00000001b7c05000 	/System/Library/PrivateFrameworks/CoreUI.framework/Versions/A/CoreUI
0x00000001b2399000 	/System/Library/Frameworks/CoreAudio.framework/Versions/A/CoreAudio
0x00000001b754b000 	/System/Library/Frameworks/DiskArbitration.framework/Versions/A/DiskArbitration
0x00000001bca73000 	/System/Library/PrivateFrameworks/MultitouchSupport.framework/Versions/A/MultitouchSupport
0x00000001b5afa000 	/usr/lib/libenergytrace.dylib
0x00000001b3472000 	/System/Library/Frameworks/IOKit.framework/Versions/A/IOKit
0x00000001c174c000 	/System/Library/Frameworks/CoreServices.framework/Versions/A/CoreServices
0x00000001b7e3e000 	/System/Library/PrivateFrameworks/PerformanceAnalysis.framework/Versions/A/PerformanceAnalysis
0x00000002119ad000 	/System/Library/Frameworks/OpenGL.framework/Versions/A/OpenGL
0x00000001baa24000 	/System/Library/PrivateFrameworks/MobileKeyBag.framework/Versions/A/MobileKeyBag
0x00000001b084e000 	/usr/lib/libobjc.A.dylib
0x00000001b655d000 	/System/Library/Frameworks/ColorSync.framework/Versions/A/ColorSync
0x00000001b0a10000 	/System/Library/Frameworks/CoreFoundation.framework/Versions/A/CoreFoundation
0x00000001b9ba5000 	/System/Library/Frameworks/CoreImage.framework/Versions/A/CoreImage
0x00000001b21bc000 	/System/Library/Frameworks/CoreText.framework/Versions/A/CoreText
0x00000001b9954000 	/System/Library/Frameworks/ImageIO.framework/Versions/A/ImageIO
0x00000001bb464000 	/System/Library/PrivateFrameworks/SoftLinking.framework/Versions/A/SoftLinking
0x00000001b7efb000 	/usr/lib/libxml2.2.dylib
0x00000001b090e000 	/usr/lib/libc++.1.dylib
0x00000001bb6fc000 	/usr/lib/libcompression.dylib
0x00000001bd0b9000 	/System/Library/PrivateFrameworks/TextureIO.framework/Versions/A/TextureIO
0x00000001bbe1a000 	/usr/lib/libate.dylib
0x00000001bb458000 	/usr/lib/system/libcache.dylib
0x00000001bb416000 	/usr/lib/system/libcommonCrypto.dylib
0x00000001bb43f000 	/usr/lib/system/libcompiler_rt.dylib
0x00000001bb436000 	/usr/lib/system/libcopyfile.dylib
0x00000001b0762000 	/usr/lib/system/libcorecrypto.dylib
0x00000001b0807000 	/usr/lib/system/libdispatch.dylib
0x00000001b09cf000 	/usr/lib/system/libdyld.dylib
0x00000001bb44e000 	/usr/lib/system/libkeymgr.dylib
0x00000001bb3f8000 	/usr/lib/system/libmacho.dylib
0x00000001bab04000 	/usr/lib/system/libquarantine.dylib
0x00000001bb44b000 	/usr/lib/system/libremovefile.dylib
0x00000001b5b51000 	/usr/lib/system/libsystem_asl.dylib
0x00000001b070c000 	/usr/lib/system/libsystem_blocks.dylib
0x00000001b088d000 	/usr/lib/system/libsystem_c.dylib
0x00000001bb443000 	/usr/lib/system/libsystem_collections.dylib
0x00000001b9f61000 	/usr/lib/system/libsystem_configuration.dylib
0x00000001b91e7000 	/usr/lib/system/libsystem_containermanager.dylib
0x00000001bb162000 	/usr/lib/system/libsystem_coreservices.dylib
0x00000001b30f4000 	/usr/lib/system/libsystem_darwin.dylib
0x00000001bb44f000 	/usr/lib/system/libsystem_dnssd.dylib
0x00000001b088a000 	/usr/lib/system/libsystem_featureflags.dylib
0x00000001b09e4000 	/usr/lib/system/libsystem_info.dylib
0x00000001bb3c0000 	/usr/lib/system/libsystem_m.dylib
0x00000001b07dc000 	/usr/lib/system/libsystem_malloc.dylib
0x00000001b5ae2000 	/usr/lib/system/libsystem_networkextension.dylib
0x00000001b3547000 	/usr/lib/system/libsystem_notify.dylib
0x00000001c162b000 	/usr/lib/system/libsystem_product_info_filter.dylib
0x00000001b9f66000 	/usr/lib/system/libsystem_sandbox.dylib
0x00000001bb448000 	/usr/lib/system/libsystem_secinit.dylib
0x00000001b098c000 	/usr/lib/system/libsystem_kernel.dylib
0x00000001b09dc000 	/usr/lib/system/libsystem_platform.dylib
0x00000001b09c2000 	/usr/lib/system/libsystem_pthread.dylib
0x00000001b7287000 	/usr/lib/system/libsystem_symptoms.dylib
0x00000001b0748000 	/usr/lib/system/libsystem_trace.dylib
0x00000001bb423000 	/usr/lib/system/libunwind.dylib
0x00000001b070e000 	/usr/lib/system/libxpc.dylib
0x00000001b0972000 	/usr/lib/libc++abi.dylib
0x00000001bb42e000 	/usr/lib/liboah.dylib
0x00000001bbce2000 	/usr/lib/liblzma.5.dylib
0x00000001b15f8000 	/System/Library/Frameworks/SystemConfiguration.framework/Versions/A/SystemConfiguration
0x00000001bb460000 	/usr/lib/libfakelink.dylib
0x00000001b562a000 	/System/Library/Frameworks/CFNetwork.framework/Versions/A/CFNetwork
0x00000001bb5a7000 	/usr/lib/libarchive.2.dylib
0x00000001b9f6d000 	/System/Library/PrivateFrameworks/AppleSystemInfo.framework/Versions/A/AppleSystemInfo
0x00000001bab2e000 	/usr/lib/libbsm.0.dylib
0x00000001b4b67000 	/usr/lib/libnetwork.dylib
0x00000001bb3fe000 	/usr/lib/system/libkxld.dylib
0x00000001ba746000 	/System/Library/PrivateFrameworks/IOMobileFramebuffer.framework/Versions/A/IOMobileFramebuffer
0x000000022d2d8000 	/usr/lib/libCoreEntitlements.dylib
0x00000001bb144000 	/System/Library/PrivateFrameworks/AppleFSCompression.framework/Versions/A/AppleFSCompression
0x00000001bab17000 	/usr/lib/libcoretls.dylib
0x00000001bbcfb000 	/usr/lib/libcoretls_cfhelpers.dylib
0x00000001bb6f7000 	/usr/lib/libpam.2.dylib
0x00000001b6eaf000 	/usr/lib/libsqlite3.dylib
0x00000001bbd63000 	/usr/lib/libxar.1.dylib
0x00000001bb155000 	/usr/lib/libbz2.1.0.dylib
0x00000001bb465000 	/usr/lib/libpcap.A.dylib
0x00000001b727e000 	/usr/lib/libdns_services.dylib
0x00000001bb6ca000 	/usr/lib/libapple_nghttp2.dylib
0x00000001bb4a2000 	/usr/lib/libiconv.2.dylib
0x00000001bb3f7000 	/usr/lib/libcharset.1.dylib
0x00000001b7e7a000 	/System/Library/Frameworks/CoreServices.framework/Versions/A/Frameworks/FSEvents.framework/Versions/A/FSEvents
0x00000001b30ff000 	/System/Library/Frameworks/CoreServices.framework/Versions/A/Frameworks/CarbonCore.framework/Versions/A/CarbonCore
0x00000001b74ae000 	/System/Library/Frameworks/CoreServices.framework/Versions/A/Frameworks/Metadata.framework/Versions/A/Metadata
0x00000001bb168000 	/System/Library/Frameworks/CoreServices.framework/Versions/A/Frameworks/OSServices.framework/Versions/A/OSServices
0x00000001bb62c000 	/System/Library/Frameworks/CoreServices.framework/Versions/A/Frameworks/SearchKit.framework/Versions/A/SearchKit
0x00000001b720c000 	/System/Library/Frameworks/CoreServices.framework/Versions/A/Frameworks/AE.framework/Versions/A/AE
0x00000001b0f54000 	/System/Library/Frameworks/CoreServices.framework/Versions/A/Frameworks/LaunchServices.framework/Versions/A/LaunchServices
0x00000001bbc8b000 	/System/Library/Frameworks/CoreServices.framework/Versions/A/Frameworks/DictionaryServices.framework/Versions/A/DictionaryServices
0x00000001b7e87000 	/System/Library/Frameworks/CoreServices.framework/Versions/A/Frameworks/SharedFileList.framework/Versions/A/SharedFileList
0x00000001bab07000 	/usr/lib/libCheckFix.dylib
0x00000001b5b69000 	/System/Library/PrivateFrameworks/TCC.framework/Versions/A/TCC
0x00000001b9f73000 	/System/Library/PrivateFrameworks/CoreNLP.framework/Versions/A/CoreNLP
0x00000001b745e000 	/System/Library/PrivateFrameworks/MetadataUtilities.framework/Versions/A/MetadataUtilities
0x00000001b16b1000 	/usr/lib/libmecabra.dylib
0x00000001bab3f000 	/usr/lib/libmecab.dylib
0x00000001b167d000 	/usr/lib/libCRFSuite.dylib
0x00000001bab9d000 	/usr/lib/libgermantok.dylib
0x00000001bb6a3000 	/usr/lib/libThaiTokenizer.dylib
0x00000001b7553000 	/System/Library/Frameworks/Accelerate.framework/Versions/A/Frameworks/vImage.framework/Versions/A/vImage
0x00000001c1723000 	/System/Library/Frameworks/Accelerate.framework/Versions/A/Frameworks/vecLib.framework/Versions/A/vecLib
0x00000001bbda7000 	/System/Library/Frameworks/Accelerate.framework/Versions/A/Frameworks/vecLib.framework/Versions/A/libvMisc.dylib
0x00000001ba650000 	/System/Library/Frameworks/Accelerate.framework/Versions/A/Frameworks/vecLib.framework/Versions/A/libvDSP.dylib
0x00000001b12d7000 	/System/Library/Frameworks/Accelerate.framework/Versions/A/Frameworks/vecLib.framework/Versions/A/libBLAS.dylib
0x00000001bb7cb000 	/System/Library/Frameworks/Accelerate.framework/Versions/A/Frameworks/vecLib.framework/Versions/A/libLAPACK.dylib
0x00000001baba0000 	/System/Library/Frameworks/Accelerate.framework/Versions/A/Frameworks/vecLib.framework/Versions/A/libLinearAlgebra.dylib
0x00000001bb6e2000 	/System/Library/Frameworks/Accelerate.framework/Versions/A/Frameworks/vecLib.framework/Versions/A/libSparseBLAS.dylib
0x00000001bb7c6000 	/System/Library/Frameworks/Accelerate.framework/Versions/A/Frameworks/vecLib.framework/Versions/A/libQuadrature.dylib
0x00000001ba06a000 	/System/Library/Frameworks/Accelerate.framework/Versions/A/Frameworks/vecLib.framework/Versions/A/libBNNS.dylib
0x00000001b1595000 	/System/Library/Frameworks/Accelerate.framework/Versions/A/Frameworks/vecLib.framework/Versions/A/libSparse.dylib
0x00000001ba062000 	/System/Library/PrivateFrameworks/LinguisticData.framework/Versions/A/LinguisticData
0x00000001b154b000 	/System/Library/PrivateFrameworks/Lexicon.framework/Versions/A/Lexicon
0x00000001bbd9f000 	/usr/lib/libChineseTokenizer.dylib
0x00000001b1cf5000 	/System/Library/PrivateFrameworks/LanguageModeling.framework/Versions/A/LanguageModeling
0x00000001bb6a5000 	/System/Library/PrivateFrameworks/AppleSauce.framework/Versions/A/AppleSauce
0x00000001ba733000 	/System/Library/PrivateFrameworks/CoreEmoji.framework/Versions/A/CoreEmoji
0x00000001bb595000 	/usr/lib/libcmph.dylib
0x00000001b7e5a000 	/System/Library/Frameworks/OpenDirectory.framework/Versions/A/Frameworks/CFOpenDirectory.framework/Versions/A/CFOpenDirectory
0x00000001b7e4a000 	/System/Library/Frameworks/OpenDirectory.framework/Versions/A/OpenDirectory
0x00000001bbcfd000 	/System/Library/PrivateFrameworks/APFS.framework/Versions/A/APFS
0x00000001baa5f000 	/System/Library/Frameworks/SecurityFoundation.framework/Versions/A/SecurityFoundation
0x00000001bbd71000 	/usr/lib/libutil.dylib
0x00000001b3434000 	/System/Library/PrivateFrameworks/CoreServicesStore.framework/Versions/A/CoreServicesStore
0x00000001bbd75000 	/usr/lib/libxslt.1.dylib
0x00000001baaf3000 	/System/Library/PrivateFrameworks/BackgroundTaskManagement.framework/Versions/A/BackgroundTaskManagement
0x00000001bcfda000 	/System/Library/Frameworks/ImageIO.framework/Versions/A/Resources/libRadiance.dylib
0x00000001bcfe3000 	/System/Library/Frameworks/ImageIO.framework/Versions/A/Resources/libJPEG.dylib
0x00000001bcf35000 	/System/Library/Frameworks/ImageIO.framework/Versions/A/Resources/libPng.dylib
0x00000001bcf57000 	/System/Library/Frameworks/ImageIO.framework/Versions/A/Resources/libTIFF.dylib
0x00000001bd03e000 	/System/Library/Frameworks/ImageIO.framework/Versions/A/Resources/libGIF.dylib
0x00000001bc983000 	/System/Library/Frameworks/ImageIO.framework/Versions/A/Resources/libJP2.dylib
0x00000001bc0c6000 	/usr/lib/libexpat.1.dylib
0x00000001bc93e000 	/System/Library/PrivateFrameworks/AppleJPEG.framework/Versions/A/AppleJPEG
0x00000001b9497000 	/System/Library/PrivateFrameworks/FontServices.framework/libFontParser.dylib
0x00000001b71b1000 	/System/Library/PrivateFrameworks/RunningBoardServices.framework/Versions/A/RunningBoardServices
0x00000001c7673000 	/System/Library/PrivateFrameworks/IOSurfaceAccelerator.framework/Versions/A/IOSurfaceAccelerator
0x00000001bca6f000 	/System/Library/PrivateFrameworks/WatchdogClient.framework/Versions/A/WatchdogClient
0x00000001b1df9000 	/System/Library/Frameworks/CoreDisplay.framework/Versions/A/CoreDisplay
0x00000001b9386000 	/System/Library/Frameworks/CoreMedia.framework/Versions/A/CoreMedia
0x00000001b921a000 	/System/Library/PrivateFrameworks/IOAccelerator.framework/Versions/A/IOAccelerator
0x00000001b7fe8000 	/System/Library/Frameworks/CoreVideo.framework/Versions/A/CoreVideo
0x00000001bb6f5000 	/System/Library/Frameworks/MetalPerformanceShaders.framework/Versions/A/MetalPerformanceShaders
0x00000001bcaac000 	/System/Library/Frameworks/VideoToolbox.framework/Versions/A/VideoToolbox
0x00000001b70f5000 	/System/Library/PrivateFrameworks/BaseBoard.framework/Versions/A/BaseBoard
0x00000001b6e94000 	/System/Library/PrivateFrameworks/ProtocolBuffer.framework/Versions/A/ProtocolBuffer
0x00000001bcfd5000 	/System/Library/PrivateFrameworks/GPUWrangler.framework/Versions/A/GPUWrangler
0x00000001bcfb4000 	/System/Library/PrivateFrameworks/IOPresentment.framework/Versions/A/IOPresentment
0x00000001bcfdd000 	/System/Library/PrivateFrameworks/DSExternalDisplay.framework/Versions/A/DSExternalDisplay
0x00000002119a0000 	/System/Library/Frameworks/OpenGL.framework/Versions/A/Libraries/libCoreFSCache.dylib
0x000000021b0ba000 	/System/Library/PrivateFrameworks/GPUCompiler.framework/Versions/31001/Libraries/libGPUCompilerUtils.dylib
0x00000001bd043000 	/System/Library/PrivateFrameworks/CMCaptureCore.framework/Versions/A/CMCaptureCore
0x00000001bc679000 	/System/Library/PrivateFrameworks/AppServerSupport.framework/Versions/A/AppServerSupport
0x00000001be818000 	/System/Library/PrivateFrameworks/perfdata.framework/Versions/A/perfdata
0x00000001b1f19000 	/System/Library/PrivateFrameworks/AudioToolboxCore.framework/Versions/A/AudioToolboxCore
0x00000001b935e000 	/System/Library/PrivateFrameworks/caulk.framework/Versions/A/caulk
0x00000001be10d000 	/usr/lib/libAudioStatistics.dylib
0x00000001cf926000 	/System/Library/PrivateFrameworks/SystemPolicy.framework/Versions/A/SystemPolicy
0x00000001be36d000 	/usr/lib/libSMC.dylib
0x00000001c6eea000 	/System/Library/Frameworks/CoreMIDI.framework/Versions/A/CoreMIDI
0x00000001bcf03000 	/usr/lib/libAudioToolboxUtility.dylib
0x00000001cbdcc000 	/System/Library/PrivateFrameworks/OSAServicesClient.framework/Versions/A/OSAServicesClient
0x00000001be825000 	/usr/lib/libperfcheck.dylib
0x00000001d0429000 	/usr/lib/libmis.dylib
0x0000000211a01000 	/System/Library/Frameworks/OpenGL.framework/Versions/A/Libraries/libGLU.dylib
0x00000002119c0000 	/System/Library/Frameworks/OpenGL.framework/Versions/A/Libraries/libGFXShared.dylib
0x0000000211baa000 	/System/Library/Frameworks/OpenGL.framework/Versions/A/Libraries/libGL.dylib
0x00000002119c9000 	/System/Library/Frameworks/OpenGL.framework/Versions/A/Libraries/libGLImage.dylib
0x00000002119bd000 	/System/Library/Frameworks/OpenGL.framework/Versions/A/Libraries/libCVMSPluginSupport.dylib
0x00000002119a7000 	/System/Library/Frameworks/OpenGL.framework/Versions/A/Libraries/libCoreVMClient.dylib
0x00000001b9eef000 	/System/Library/Frameworks/MetalPerformanceShaders.framework/Versions/A/Frameworks/MPSCore.framework/Versions/A/MPSCore
0x00000001bb0b7000 	/System/Library/Frameworks/MetalPerformanceShaders.framework/Versions/A/Frameworks/MPSImage.framework/Versions/A/MPSImage
0x00000001babb5000 	/System/Library/Frameworks/MetalPerformanceShaders.framework/Versions/A/Frameworks/MPSNeuralNetwork.framework/Versions/A/MPSNeuralNetwork
0x00000001baff2000 	/System/Library/Frameworks/MetalPerformanceShaders.framework/Versions/A/Frameworks/MPSMatrix.framework/Versions/A/MPSMatrix
0x00000001badcd000 	/System/Library/Frameworks/MetalPerformanceShaders.framework/Versions/A/Frameworks/MPSRayIntersector.framework/Versions/A/MPSRayIntersector
0x00000001bb023000 	/System/Library/Frameworks/MetalPerformanceShaders.framework/Versions/A/Frameworks/MPSNDArray.framework/Versions/A/MPSNDArray
0x00000002136bc000 	/System/Library/Frameworks/MetalPerformanceShaders.framework/Versions/A/Frameworks/MPSFunctions.framework/Versions/A/MPSFunctions
0x00000001b11b5000 	/System/Library/PrivateFrameworks/MetalTools.framework/Versions/A/MetalTools
0x00000001b9f6b000 	/System/Library/PrivateFrameworks/AggregateDictionary.framework/Versions/A/AggregateDictionary
0x00000001bbeac000 	/usr/lib/libIOReport.dylib
0x00000001c5ed8000 	/System/Library/PrivateFrameworks/ASEProcessing.framework/Versions/A/ASEProcessing
0x00000001bc21e000 	/System/Library/PrivateFrameworks/FaceCore.framework/Versions/A/FaceCore
0x00000001bc210000 	/System/Library/PrivateFrameworks/GraphVisualizer.framework/Versions/A/GraphVisualizer
0x000000021afd1000 	/System/Library/PrivateFrameworks/FontServices.framework/Versions/A/FontServices
0x00000001bc633000 	/System/Library/PrivateFrameworks/OTSVG.framework/Versions/A/OTSVG
0x00000001b7bb6000 	/System/Library/Frameworks/ApplicationServices.framework/Versions/A/Frameworks/ATS.framework/Versions/A/Resources/libFontRegistry.dylib
0x00000001bc682000 	/System/Library/PrivateFrameworks/FontServices.framework/libhvf.dylib
0x000000021afd2000 	/System/Library/PrivateFrameworks/FontServices.framework/libXTFontStaticRegistryData.dylib
0x0000000211d4c000 	/System/Library/Frameworks/OpenCL.framework/Versions/A/OpenCL
0x00000001bc07a000 	/System/Library/PrivateFrameworks/AppleVA.framework/Versions/A/AppleVA
0x00000001be135000 	/System/Library/Frameworks/ApplicationServices.framework/Versions/A/Frameworks/ATS.framework/Versions/A/ATS
0x00000001b665a000 	/System/Library/Frameworks/ApplicationServices.framework/Versions/A/Frameworks/HIServices.framework/Versions/A/HIServices
0x00000001bd04d000 	/System/Library/Frameworks/ApplicationServices.framework/Versions/A/Frameworks/PrintCore.framework/Versions/A/PrintCore
0x00000001be4c0000 	/System/Library/Frameworks/ApplicationServices.framework/Versions/A/Frameworks/QD.framework/Versions/A/QD
0x00000001be4b8000 	/System/Library/Frameworks/ApplicationServices.framework/Versions/A/Frameworks/ColorSyncLegacy.framework/Versions/A/ColorSyncLegacy
0x00000001be121000 	/System/Library/Frameworks/ApplicationServices.framework/Versions/A/Frameworks/SpeechSynthesis.framework/Versions/A/SpeechSynthesis
0x00000001bd00e000 	/System/Library/Frameworks/ApplicationServices.framework/Versions/A/Frameworks/ATSUI.framework/Versions/A/ATSUI
0x00000001be44d000 	/usr/lib/libcups.2.dylib
0x00000001be833000 	/System/Library/Frameworks/Kerberos.framework/Versions/A/Kerberos
0x00000001be844000 	/System/Library/Frameworks/GSS.framework/Versions/A/GSS
0x00000001be1a4000 	/usr/lib/libresolv.9.dylib
0x00000001bc690000 	/System/Library/PrivateFrameworks/Heimdal.framework/Versions/A/Heimdal
0x00000001c514c000 	/System/Library/Frameworks/Kerberos.framework/Versions/A/Libraries/libHeimdalProxy.dylib
0x00000001b7290000 	/System/Library/Frameworks/Network.framework/Versions/A/Network
0x00000001bc0e1000 	/usr/lib/libheimdal-asn1.dylib
0x00000001be88a000 	/System/Library/PrivateFrameworks/CommonAuth.framework/Versions/A/CommonAuth
0x00000001be09b000 	/System/Library/PrivateFrameworks/AudioSession.framework/Versions/A/AudioSession
0x00000001bc172000 	/System/Library/PrivateFrameworks/MediaExperience.framework/Versions/A/MediaExperience
0x00000001bdf23000 	/System/Library/PrivateFrameworks/AudioSession.framework/libSessionUtility.dylib
0x00000001be4cc000 	/System/Library/PrivateFrameworks/AudioResourceArbitration.framework/Versions/A/AudioResourceArbitration
0x00000001bc0ea000 	/System/Library/PrivateFrameworks/IconFoundation.framework/Versions/A/IconFoundation
0x00000001c1351000 	/System/Library/PrivateFrameworks/SpeechRecognitionCore.framework/Versions/A/SpeechRecognitionCore
0x0000000101cf8000 	/Library/Java/JavaVirtualMachines/jdk-11.0.16.1.jdk/Contents/Home/lib/server/libjvm.dylib
0x0000000100f70000 	/Library/Java/JavaVirtualMachines/jdk-11.0.16.1.jdk/Contents/Home/lib/libverify.dylib
0x0000000100fbc000 	/Library/Java/JavaVirtualMachines/jdk-11.0.16.1.jdk/Contents/Home/lib/libjava.dylib
0x0000000100f88000 	/Library/Java/JavaVirtualMachines/jdk-11.0.16.1.jdk/Contents/Home/lib/libjimage.dylib
0x0000000101038000 	/Library/Java/JavaVirtualMachines/jdk-11.0.16.1.jdk/Contents/Home/lib/libjdwp.dylib
0x0000000100ff0000 	/Library/Java/JavaVirtualMachines/jdk-11.0.16.1.jdk/Contents/Home/lib/libinstrument.dylib
0x0000000101008000 	/Library/Java/JavaVirtualMachines/jdk-11.0.16.1.jdk/Contents/Home/lib/libzip.dylib
0x00000001010c0000 	/Library/Java/JavaVirtualMachines/jdk-11.0.16.1.jdk/Contents/Home/lib/libdt_socket.dylib
0x00000001010f0000 	/Library/Java/JavaVirtualMachines/jdk-11.0.16.1.jdk/Contents/Home/lib/libnio.dylib
0x0000000101c24000 	/Library/Java/JavaVirtualMachines/jdk-11.0.16.1.jdk/Contents/Home/lib/libnet.dylib


VM Arguments:
jvm_args: -agentlib:jdwp=transport=dt_socket,suspend=y,address=localhost:63617 -javaagent:/Users/giusy/eclipse/jee-2022-12/Eclipse.app/Contents/Eclipse/configuration/org.eclipse.osgi/413/0/.cp/lib/javaagent-shaded.jar -Dfile.encoding=UTF-8 
java_command: test.testHTML.App
java_class_path (initial): /Users/giusy/eclipse-workspace/testHTML/target/classes:/Users/giusy/.m2/repository/org/opentest4j/opentest4j/1.2.0/opentest4j-1.2.0.jar:/Users/giusy/.m2/repository/com/github/tomakehurst/wiremock-jre8/2.27.2/wiremock-jre8-2.27.2.jar:/Users/giusy/.m2/repository/org/eclipse/jetty/jetty-server/9.4.30.v20200611/jetty-server-9.4.30.v20200611.jar:/Users/giusy/.m2/repository/javax/servlet/javax.servlet-api/3.1.0/javax.servlet-api-3.1.0.jar:/Users/giusy/.m2/repository/org/eclipse/jetty/jetty-http/9.4.30.v20200611/jetty-http-9.4.30.v20200611.jar:/Users/giusy/.m2/repository/org/eclipse/jetty/jetty-io/9.4.30.v20200611/jetty-io-9.4.30.v20200611.jar:/Users/giusy/.m2/repository/org/eclipse/jetty/jetty-servlet/9.4.30.v20200611/jetty-servlet-9.4.30.v20200611.jar:/Users/giusy/.m2/repository/org/eclipse/jetty/jetty-security/9.4.30.v20200611/jetty-security-9.4.30.v20200611.jar:/Users/giusy/.m2/repository/org/eclipse/jetty/jetty-servlets/9.4.30.v20200611/jetty-servlets-9.4.30.v20200611.jar:/Users/giusy/.m2/repository/org/eclipse/jetty/jetty-continuation/9.4.30.v20200611/jetty-continuation-9.4.30.v20200611.jar:/Users/giusy/.m2/repository/org/eclipse/jetty/jetty-util/9.4.30.v20200611/jetty-util-9.4.30.v20200611.jar:/Users/giusy/.m2/repository/org/eclipse/jetty/jetty-webapp/9.4.30.v20200611/jetty-webapp-9.4.30.v20200611.jar:/Users/giusy/.m2/repository/org/eclipse/jetty/jetty-xml/9.4.30.v20200611/jetty-xml-9.4.30.v20200611.jar:/Users/giusy/.m2/repository/org/eclipse/jetty/jetty-proxy/9.4.30.v20200611/jetty-proxy-9.4.30.v20200611.jar:/Users/giusy/.m2/repository/org/eclipse/jetty/jetty-client/9.4.30.v20200611/jetty-client-9.4.30.v20200611.jar:/Users/giusy/.m2/repository/com/google/guava/guava/29.0-jre/guava-29.0-jre.jar:/Users/giusy/.m2/repository/com/google/guava/failureaccess/1.0.1/failureaccess-1.0.1.jar:/Users/giusy/.m2/repository/com/google/guava/listenablefuture/9999.0-empty-to-avoid-conflict-with-guava/listenablefuture-9999.0-empty-to-avoid-conflict-with-g
Launcher Type: SUN_STANDARD

[Global flags]
     intx CICompilerCount                          = 4                                         {product} {ergonomic}
     uint ConcGCThreads                            = 2                                         {product} {ergonomic}
     uint G1ConcRefinementThreads                  = 8                                         {product} {ergonomic}
   size_t G1HeapRegionSize                         = 1048576                                   {product} {ergonomic}
    uintx GCDrainStackTargetSize                   = 64                                        {product} {ergonomic}
   size_t InitialHeapSize                          = 134217728                                 {product} {ergonomic}
   size_t MarkStackSize                            = 4194304                                   {product} {ergonomic}
   size_t MaxHeapSize                              = 2147483648                                {product} {ergonomic}
   size_t MaxNewSize                               = 1287651328                                {product} {ergonomic}
   size_t MinHeapDeltaBytes                        = 1048576                                   {product} {ergonomic}
    uintx NonNMethodCodeHeapSize                   = 5836492                                {pd product} {ergonomic}
    uintx NonProfiledCodeHeapSize                  = 122910874                              {pd product} {ergonomic}
    uintx ProfiledCodeHeapSize                     = 122910874                              {pd product} {ergonomic}
    uintx ReservedCodeCacheSize                    = 251658240                              {pd product} {ergonomic}
     bool SegmentedCodeCache                       = true                                      {product} {ergonomic}
     bool UseCompressedClassPointers               = true                                 {lp64_product} {ergonomic}
     bool UseCompressedOops                        = true                                 {lp64_product} {ergonomic}
     bool UseG1GC                                  = true                                      {product} {ergonomic}

Logging:
Log output configuration:
 #0: stdout all=warning uptime,level,tags
 #1: stderr all=off uptime,level,tags

Environment Variables:
PATH=/usr/bin:/bin:/usr/sbin:/sbin
SHELL=/bin/zsh

Signal Handlers:
SIGSEGV: [libjvm.dylib+0x680a60], sa_mask[0]=11111111011111110111111111111111, sa_flags=SA_ONSTACK|SA_RESTART|SA_SIGINFO
SIGBUS: [libjvm.dylib+0x680a60], sa_mask[0]=11111111011111110111111111111111, sa_flags=SA_RESTART|SA_SIGINFO
SIGFPE: [libjvm.dylib+0x680a60], sa_mask[0]=11111111011111110111111111111111, sa_flags=SA_RESTART|SA_SIGINFO
SIGPIPE: [libjvm.dylib+0x52e400], sa_mask[0]=11111111011111110111111111111111, sa_flags=SA_RESTART|SA_SIGINFO
SIGXFSZ: [libjvm.dylib+0x52e400], sa_mask[0]=11111111011111110111111111111111, sa_flags=SA_RESTART|SA_SIGINFO
SIGILL: [libjvm.dylib+0x680a60], sa_mask[0]=11111111011111110111111111111111, sa_flags=SA_RESTART|SA_SIGINFO
SIGUSR2: [libjvm.dylib+0x52ea00], sa_mask[0]=00100000000000000000000000000000, sa_flags=SA_RESTART|SA_SIGINFO
SIGHUP: [libjvm.dylib+0x52d0c0], sa_mask[0]=11111111011111110111111111111111, sa_flags=SA_RESTART|SA_SIGINFO
SIGINT: [libjvm.dylib+0x52d0c0], sa_mask[0]=11111111011111110111111111111111, sa_flags=SA_RESTART|SA_SIGINFO
SIGTERM: [libjvm.dylib+0x52d0c0], sa_mask[0]=11111111011111110111111111111111, sa_flags=SA_RESTART|SA_SIGINFO
SIGQUIT: [libjvm.dylib+0x52d0c0], sa_mask[0]=11111111011111110111111111111111, sa_flags=SA_RESTART|SA_SIGINFO


---------------  S Y S T E M  ---------------

OS:uname:Darwin 21.1.0 Darwin Kernel Version 21.1.0: Wed Oct 13 17:33:24 PDT 2021; root:xnu-8019.41.5~1/RELEASE_ARM64_T8101 arm64
rlimit: STACK 8176k, CORE 0k, NPROC 1333, NOFILE 10240, AS infinity, DATA infinity, FSIZE infinity
load average:2.60 2.17 1.88

CPU:total 8 (initial active 8) 0x61:0x0:0x1b588bb3:0, simd, crc, lse

Memory: 16k page, physical 8388608k(74144k free)

vm_info: Java HotSpot(TM) 64-Bit Server VM (11.0.16.1+1-LTS-1) for bsd-aarch64 JRE (11.0.16.1+1-LTS-1), built on Aug 16 2022 00:49:27 by "mach5one" with gcc Apple LLVM 12.0.0 (clang-1200.0.32.29)

END.
